#-----------------------------------------------------------
# Vivado v2020.2 (64-bit)
# SW Build 3064766 on Wed Nov 18 09:12:45 MST 2020
# IP Build 3064653 on Wed Nov 18 14:17:31 MST 2020
# Start of session at: Mon Apr 29 11:13:49 2024
# Process ID: 14552
# Current directory: C:/Users/247177/Downloads/test/project_1
# Command line: vivado.exe -gui_launcher_event rodinguilauncherevent6664 C:\Users\247177\Downloads\test\project_1\project_1.xpr
# Log file: C:/Users/247177/Downloads/test/project_1/vivado.log
# Journal file: C:/Users/247177/Downloads/test/project_1\vivado.jou
#-----------------------------------------------------------
start_gui
open_project C:/Users/247177/Downloads/test/project_1/project_1.xpr
WARNING: [filemgmt 56-3] Board Part Repository Path: Could not find the directory 'C:/Users/247177/AppData/Roaming/Xilinx/Vivado/2023.2/xhub/board_store/xilinx_board_store'.
WARNING: [filemgmt 56-3] Default IP Output Path : Could not find the directory 'C:/Users/247177/Downloads/test/project_1/project_1.gen/sources_1'.
CRITICAL WARNING: [Project 1-19] Could not find the file 'C:/Users/247177/Downloads/vivado_proj/Nexys-A7-50T-GPIO.srcs/sources_1/imports/hdl/UART_TX_CTRL.vhd'.
Scanning sources...
Finished scanning sources
INFO: [IP_Flow 19-234] Refreshing IP repositories
INFO: [IP_Flow 19-1704] No user IP repositories specified
INFO: [IP_Flow 19-2313] Loaded Vivado IP repository 'C:/appz/Xilinx/Vivado/2020.2/data/ip'.
update_compile_order -fileset sources_1
exit
INFO: [Common 17-206] Exiting Vivado at Mon Apr 29 11:14:17 2024...
